19:13:07.525 [main] DEBUG org.testng.TestNG - suiteXmlPath: "C:\Users\welcome\AppData\Local\Temp\testng-eclipse--569281898\testng-customsuite.xml"
19:13:08.044 [main] INFO  org.testng.internal.Utils - [Utils] MethodGroupsHelper.collectMethodsByGroup() took 1 ms.
19:13:08.049 [main] INFO  org.testng.internal.Utils - [Utils] MethodGroupsHelper.sortMethods() took 3 ms.
19:13:08.052 [main] INFO  org.testng.internal.Utils - [Utils] MethodGroupsHelper.collectMethodsByGroup() took 0 ms.
19:13:08.052 [main] INFO  org.testng.internal.Utils - [Utils] MethodGroupsHelper.sortMethods() took 0 ms.
19:13:08.053 [main] INFO  org.testng.internal.Utils - [Utils] MethodGroupsHelper.collectMethodsByGroup() took 0 ms.
19:13:08.054 [main] INFO  org.testng.internal.Utils - [Utils] MethodGroupsHelper.sortMethods() took 0 ms.
19:13:08.058 [main] INFO  org.testng.internal.Utils - [Utils] MethodGroupsHelper.collectMethodsByGroup() took 0 ms.
19:13:08.058 [main] INFO  org.testng.internal.Utils - [Utils] MethodGroupsHelper.sortMethods() took 0 ms.
19:13:08.079 [main] INFO  org.testng.internal.Utils - [Utils] MethodGroupsHelper.collectMethodsByGroup() took 13 ms.
19:13:08.096 [main] INFO  org.testng.internal.Utils - [Utils] MethodGroupsHelper.sortMethods() took 17 ms.
19:13:08.099 [main] INFO  org.testng.internal.Utils - [Utils] MethodGroupsHelper.collectMethodsByGroup() took 0 ms.
19:13:08.100 [main] INFO  org.testng.internal.Utils - [Utils] MethodGroupsHelper.sortMethods() took 1 ms.
19:13:08.102 [main] INFO  org.testng.internal.Utils - [Utils] MethodGroupsHelper.collectMethodsByGroup() took 0 ms.
19:13:08.102 [main] INFO  org.testng.internal.Utils - [Utils] MethodGroupsHelper.sortMethods() took 0 ms.
19:13:08.102 [main] INFO  org.testng.internal.Utils - [Utils] MethodGroupsHelper.collectMethodsByGroup() took 0 ms.
19:13:08.103 [main] INFO  org.testng.internal.Utils - [Utils] MethodGroupsHelper.sortMethods() took 0 ms.
19:13:08.106 [main] INFO  org.testng.internal.Utils - [Utils] MethodGroupsHelper.collectMethodsByGroup() took 0 ms.
19:13:08.107 [main] INFO  org.testng.internal.Utils - [Utils] MethodGroupsHelper.sortMethods() took 0 ms.
19:13:08.108 [main] INFO  org.testng.internal.Utils - [Utils] MethodGroupsHelper.collectMethodsByGroup() took 0 ms.
19:13:08.108 [main] INFO  org.testng.internal.Utils - [Utils] MethodGroupsHelper.sortMethods() took 0 ms.
19:13:08.113 [main] INFO  org.testng.internal.Utils - [Utils] MethodGroupsHelper.collectMethodsByGroup() took 1 ms.
19:13:08.113 [main] INFO  org.testng.internal.Utils - [Utils] MethodGroupsHelper.sortMethods() took 0 ms.
19:13:08.113 [main] INFO  org.testng.internal.Utils - [Utils] MethodGroupsHelper.collectMethodsByGroup() took 0 ms.
19:13:08.113 [main] INFO  org.testng.internal.Utils - [Utils] MethodGroupsHelper.sortMethods() took 0 ms.
19:13:08.115 [main] INFO  org.testng.internal.Utils - [Utils] MethodGroupsHelper.collectMethodsByGroup() took 1 ms.
19:13:08.115 [main] INFO  org.testng.internal.Utils - [Utils] MethodGroupsHelper.sortMethods() took 0 ms.
19:13:08.117 [main] INFO  org.testng.internal.Utils - [Utils] MethodGroupsHelper.collectMethodsByGroup() took 0 ms.
19:13:08.118 [main] INFO  org.testng.internal.Utils - [Utils] MethodGroupsHelper.sortMethods() took 0 ms.
19:13:08.118 [main] INFO  org.testng.internal.Utils - [Utils] MethodGroupsHelper.collectMethodsByGroup() took 0 ms.
19:13:08.118 [main] INFO  org.testng.internal.Utils - [Utils] MethodGroupsHelper.sortMethods() took 0 ms.
19:13:08.129 [main] INFO  org.testng.internal.Utils - [TestNG] Running:
  C:\Users\welcome\AppData\Local\Temp\testng-eclipse--569281898\testng-customsuite.xml

19:13:08.156 [main] INFO  org.testng.internal.Utils - [Utils] DynamicGraphHelper.createDynamicGraph() took 8 ms.
19:13:20.247 [main] INFO  testCases.TC001_AccountRegistrationTest - ***** Starting  TC001_AccountRegistrationTest 
19:13:21.022 [main] INFO  testCases.TC001_AccountRegistrationTest - Clicked on MyAccount Link 
19:13:21.935 [main] INFO  testCases.TC001_AccountRegistrationTest - Clicked on Register Link 
19:13:21.957 [main] INFO  testCases.TC001_AccountRegistrationTest - Providing customer details..... 
19:13:23.688 [main] INFO  testCases.TC001_AccountRegistrationTest - Vaidating expectd message.. 
19:13:23.751 [main] ERROR testCases.TC001_AccountRegistrationTest - Test failed..
19:13:23.751 [main] DEBUG testCases.TC001_AccountRegistrationTest - Debug logs...
19:13:24.876 [main] INFO  org.testng.internal.Utils - [TestNG] Time taken by org.testng.reporters.jq.Main@4aaae508: 230 ms
19:13:24.893 [main] INFO  org.testng.internal.Utils - [TestNG] Time taken by org.testng.reporters.FailedReporter@5ae95707: 17 ms
19:13:24.905 [main] INFO  org.testng.internal.Utils - [TestNG] Time taken by org.testng.reporters.XMLReporter@7c29adc8: 12 ms
19:13:24.914 [main] INFO  org.testng.internal.Utils - [TestNG] Time taken by org.testng.reporters.EmailableReporter2@624a24f6: 8 ms
19:13:24.924 [main] INFO  org.testng.internal.Utils - [TestNG] Time taken by org.testng.reporters.JUnitReportReporter@6b0615ae: 10 ms
19:13:24.925 [main] INFO  org.testng.internal.Utils - [TestNG] Time taken by org.testng.internal.ExitCodeListener@4e73b552: 0 ms
19:27:05.564 [main] DEBUG org.testng.TestNG - suiteXmlPath: "C:\Users\welcome\Desktop\Salenium\myWorkspace\Opencart_Project_version1\master.xml"
19:27:06.348 [main] INFO  org.testng.internal.Utils - [TestNG] Running:
  C:\Users\welcome\Desktop\Salenium\myWorkspace\Opencart_Project_version1\master.xml

19:27:16.884 [main] INFO  testCases.TC001_AccountRegistrationTest - ***** Starting  TC001_AccountRegistrationTest 
19:27:17.943 [main] INFO  testCases.TC001_AccountRegistrationTest - Clicked on MyAccount Link 
19:27:19.312 [main] INFO  testCases.TC001_AccountRegistrationTest - Clicked on Register Link 
19:27:19.327 [main] INFO  testCases.TC001_AccountRegistrationTest - Providing customer details..... 
19:27:21.116 [main] INFO  testCases.TC001_AccountRegistrationTest - Vaidating expectd message.. 
19:27:21.320 [main] ERROR testCases.TC001_AccountRegistrationTest - Test failed..
19:27:21.321 [main] DEBUG testCases.TC001_AccountRegistrationTest - Debug logs...
19:28:30.321 [main] DEBUG org.testng.TestNG - suiteXmlPath: "C:\Users\welcome\Desktop\Salenium\myWorkspace\Opencart_Project_version1\master.xml"
19:28:30.815 [main] INFO  org.testng.internal.Utils - [TestNG] Running:
  C:\Users\welcome\Desktop\Salenium\myWorkspace\Opencart_Project_version1\master.xml

19:28:37.237 [main] INFO  testCases.TC001_AccountRegistrationTest - ***** Starting  TC001_AccountRegistrationTest 
19:28:38.207 [main] INFO  testCases.TC001_AccountRegistrationTest - Clicked on MyAccount Link 
19:28:38.871 [main] INFO  testCases.TC001_AccountRegistrationTest - Clicked on Register Link 
19:28:38.878 [main] INFO  testCases.TC001_AccountRegistrationTest - Providing customer details..... 
19:28:40.522 [main] INFO  testCases.TC001_AccountRegistrationTest - Vaidating expectd message.. 
19:28:40.594 [main] INFO  testCases.TC001_AccountRegistrationTest - ***** Finished TC001_AccountRegistrationTest *****
19:30:37.028 [main] DEBUG org.testng.TestNG - suiteXmlPath: "C:\Users\welcome\Desktop\Salenium\myWorkspace\Opencart_Project_version1\master.xml"
19:30:37.746 [main] INFO  org.testng.internal.Utils - [TestNG] Running:
  C:\Users\welcome\Desktop\Salenium\myWorkspace\Opencart_Project_version1\master.xml

19:30:43.508 [main] INFO  testCases.TC001_AccountRegistrationTest - ***** Starting  TC001_AccountRegistrationTest 
19:30:44.765 [main] INFO  testCases.TC001_AccountRegistrationTest - Clicked on MyAccount Link 
19:30:45.764 [main] INFO  testCases.TC001_AccountRegistrationTest - Clicked on Register Link 
19:30:45.771 [main] INFO  testCases.TC001_AccountRegistrationTest - Providing customer details..... 
19:30:47.857 [main] INFO  testCases.TC001_AccountRegistrationTest - Vaidating expectd message.. 
19:30:47.916 [main] INFO  testCases.TC001_AccountRegistrationTest - ***** Finished TC001_AccountRegistrationTest *****
19:31:24.374 [main] DEBUG org.testng.TestNG - suiteXmlPath: "C:\Users\welcome\AppData\Local\Temp\testng-eclipse--1454438640\testng-customsuite.xml"
19:31:24.750 [main] INFO  org.testng.internal.Utils - [Utils] MethodGroupsHelper.collectMethodsByGroup() took 2 ms.
19:31:24.754 [main] INFO  org.testng.internal.Utils - [Utils] MethodGroupsHelper.sortMethods() took 2 ms.
19:31:24.756 [main] INFO  org.testng.internal.Utils - [Utils] MethodGroupsHelper.collectMethodsByGroup() took 0 ms.
19:31:24.757 [main] INFO  org.testng.internal.Utils - [Utils] MethodGroupsHelper.sortMethods() took 0 ms.
19:31:24.758 [main] INFO  org.testng.internal.Utils - [Utils] MethodGroupsHelper.collectMethodsByGroup() took 0 ms.
19:31:24.758 [main] INFO  org.testng.internal.Utils - [Utils] MethodGroupsHelper.sortMethods() took 0 ms.
19:31:24.759 [main] INFO  org.testng.internal.Utils - [Utils] MethodGroupsHelper.collectMethodsByGroup() took 0 ms.
19:31:24.759 [main] INFO  org.testng.internal.Utils - [Utils] MethodGroupsHelper.sortMethods() took 0 ms.
19:31:24.770 [main] INFO  org.testng.internal.Utils - [Utils] MethodGroupsHelper.collectMethodsByGroup() took 9 ms.
19:31:24.786 [main] INFO  org.testng.internal.Utils - [Utils] MethodGroupsHelper.sortMethods() took 16 ms.
19:31:24.788 [main] INFO  org.testng.internal.Utils - [Utils] MethodGroupsHelper.collectMethodsByGroup() took 0 ms.
19:31:24.789 [main] INFO  org.testng.internal.Utils - [Utils] MethodGroupsHelper.sortMethods() took 1 ms.
19:31:24.790 [main] INFO  org.testng.internal.Utils - [Utils] MethodGroupsHelper.collectMethodsByGroup() took 0 ms.
19:31:24.791 [main] INFO  org.testng.internal.Utils - [Utils] MethodGroupsHelper.sortMethods() took 0 ms.
19:31:24.792 [main] INFO  org.testng.internal.Utils - [Utils] MethodGroupsHelper.collectMethodsByGroup() took 0 ms.
19:31:24.792 [main] INFO  org.testng.internal.Utils - [Utils] MethodGroupsHelper.sortMethods() took 0 ms.
19:31:24.796 [main] INFO  org.testng.internal.Utils - [Utils] MethodGroupsHelper.collectMethodsByGroup() took 0 ms.
19:31:24.796 [main] INFO  org.testng.internal.Utils - [Utils] MethodGroupsHelper.sortMethods() took 0 ms.
19:31:24.797 [main] INFO  org.testng.internal.Utils - [Utils] MethodGroupsHelper.collectMethodsByGroup() took 0 ms.
19:31:24.797 [main] INFO  org.testng.internal.Utils - [Utils] MethodGroupsHelper.sortMethods() took 0 ms.
19:31:24.801 [main] INFO  org.testng.internal.Utils - [Utils] MethodGroupsHelper.collectMethodsByGroup() took 0 ms.
19:31:24.801 [main] INFO  org.testng.internal.Utils - [Utils] MethodGroupsHelper.sortMethods() took 0 ms.
19:31:24.802 [main] INFO  org.testng.internal.Utils - [Utils] MethodGroupsHelper.collectMethodsByGroup() took 0 ms.
19:31:24.802 [main] INFO  org.testng.internal.Utils - [Utils] MethodGroupsHelper.sortMethods() took 0 ms.
19:31:24.804 [main] INFO  org.testng.internal.Utils - [Utils] MethodGroupsHelper.collectMethodsByGroup() took 0 ms.
19:31:24.804 [main] INFO  org.testng.internal.Utils - [Utils] MethodGroupsHelper.sortMethods() took 0 ms.
19:31:24.806 [main] INFO  org.testng.internal.Utils - [Utils] MethodGroupsHelper.collectMethodsByGroup() took 0 ms.
19:31:24.806 [main] INFO  org.testng.internal.Utils - [Utils] MethodGroupsHelper.sortMethods() took 0 ms.
19:31:24.806 [main] INFO  org.testng.internal.Utils - [Utils] MethodGroupsHelper.collectMethodsByGroup() took 0 ms.
19:31:24.807 [main] INFO  org.testng.internal.Utils - [Utils] MethodGroupsHelper.sortMethods() took 0 ms.
19:31:24.818 [main] INFO  org.testng.internal.Utils - [TestNG] Running:
  C:\Users\welcome\AppData\Local\Temp\testng-eclipse--1454438640\testng-customsuite.xml

19:31:24.841 [main] INFO  org.testng.internal.Utils - [Utils] DynamicGraphHelper.createDynamicGraph() took 6 ms.
19:31:25.442 [main] INFO  org.testng.internal.Utils - [TestNG] Time taken by org.testng.reporters.jq.Main@32fe9d0a: 384 ms
19:31:25.465 [main] INFO  org.testng.internal.Utils - [TestNG] Time taken by org.testng.reporters.FailedReporter@5ae76500: 22 ms
19:31:25.483 [main] INFO  org.testng.internal.Utils - [TestNG] Time taken by org.testng.reporters.XMLReporter@4b21844c: 17 ms
19:31:25.496 [main] INFO  org.testng.internal.Utils - [TestNG] Time taken by org.testng.reporters.EmailableReporter2@2a76b80a: 13 ms
19:31:25.508 [main] INFO  org.testng.internal.Utils - [TestNG] Time taken by org.testng.reporters.JUnitReportReporter@43ed0ff3: 12 ms
19:31:25.508 [main] INFO  org.testng.internal.Utils - [TestNG] Time taken by org.testng.internal.ExitCodeListener@388ffbc2: 0 ms
19:33:18.199 [main] DEBUG org.testng.TestNG - suiteXmlPath: "C:\Users\welcome\Desktop\Salenium\myWorkspace\Opencart_Project_version1\master.xml"
19:33:18.721 [main] INFO  org.testng.internal.Utils - [TestNG] Running:
  C:\Users\welcome\Desktop\Salenium\myWorkspace\Opencart_Project_version1\master.xml

19:33:33.739 [main] INFO  testCases.TC001_AccountRegistrationTest - ***** Starting  TC001_AccountRegistrationTest 
19:33:35.131 [main] INFO  testCases.TC001_AccountRegistrationTest - Clicked on MyAccount Link 
19:33:36.297 [main] INFO  testCases.TC001_AccountRegistrationTest - Clicked on Register Link 
19:33:36.305 [main] INFO  testCases.TC001_AccountRegistrationTest - Providing customer details..... 
19:33:38.033 [main] INFO  testCases.TC001_AccountRegistrationTest - Vaidating expectd message.. 
19:33:38.096 [main] INFO  testCases.TC001_AccountRegistrationTest - ***** Finished TC001_AccountRegistrationTest *****
19:36:25.325 [main] DEBUG org.testng.TestNG - suiteXmlPath: "C:\Users\welcome\Desktop\Salenium\myWorkspace\Opencart_Project_version1\master.xml"
19:36:25.797 [main] INFO  org.testng.internal.Utils - [TestNG] Running:
  C:\Users\welcome\Desktop\Salenium\myWorkspace\Opencart_Project_version1\master.xml

19:36:31.400 [main] INFO  testCases.TC001_AccountRegistrationTest - ***** Starting  TC001_AccountRegistrationTest 
19:36:32.596 [main] INFO  testCases.TC001_AccountRegistrationTest - Clicked on MyAccount Link 
19:36:34.021 [main] INFO  testCases.TC001_AccountRegistrationTest - Clicked on Register Link 
19:36:34.028 [main] INFO  testCases.TC001_AccountRegistrationTest - Providing customer details..... 
19:36:35.866 [main] INFO  testCases.TC001_AccountRegistrationTest - Vaidating expectd message.. 
19:36:35.935 [main] INFO  testCases.TC001_AccountRegistrationTest - ***** Finished TC001_AccountRegistrationTest *****
19:49:20.230 [main] DEBUG org.testng.TestNG - suiteXmlPath: "C:\Users\welcome\Desktop\Salenium\myWorkspace\Opencart_Project_version1\master.xml"
19:49:20.723 [main] INFO  org.testng.internal.Utils - [TestNG] Running:
  C:\Users\welcome\Desktop\Salenium\myWorkspace\Opencart_Project_version1\master.xml

19:49:30.902 [TestNG-tests-1] INFO  testCases.TC001_AccountRegistrationTest - ***** Starting  TC001_AccountRegistrationTest 
19:49:31.636 [TestNG-tests-2] INFO  testCases.TC001_AccountRegistrationTest - ***** Starting  TC001_AccountRegistrationTest 
19:49:32.557 [TestNG-tests-1] INFO  testCases.TC001_AccountRegistrationTest - Clicked on MyAccount Link 
19:49:32.968 [TestNG-tests-2] INFO  testCases.TC001_AccountRegistrationTest - Clicked on MyAccount Link 
19:49:33.948 [TestNG-tests-1] INFO  testCases.TC001_AccountRegistrationTest - Clicked on Register Link 
19:49:33.956 [TestNG-tests-1] INFO  testCases.TC001_AccountRegistrationTest - Providing customer details..... 
19:49:34.119 [TestNG-tests-2] INFO  testCases.TC001_AccountRegistrationTest - Clicked on Register Link 
19:49:34.126 [TestNG-tests-2] INFO  testCases.TC001_AccountRegistrationTest - Providing customer details..... 
19:49:36.840 [TestNG-tests-1] INFO  testCases.TC001_AccountRegistrationTest - Vaidating expectd message.. 
19:49:36.895 [TestNG-tests-2] INFO  testCases.TC001_AccountRegistrationTest - Vaidating expectd message.. 
19:49:36.956 [TestNG-tests-1] INFO  testCases.TC001_AccountRegistrationTest - ***** Finished TC001_AccountRegistrationTest *****
19:49:36.956 [TestNG-tests-2] INFO  testCases.TC001_AccountRegistrationTest - ***** Finished TC001_AccountRegistrationTest *****
19:55:16.225 [main] DEBUG org.testng.TestNG - suiteXmlPath: "C:\Users\welcome\Desktop\Salenium\myWorkspace\Opencart_Project_version1\master.xml"
19:55:16.740 [main] INFO  org.testng.internal.Utils - [TestNG] Running:
  C:\Users\welcome\Desktop\Salenium\myWorkspace\Opencart_Project_version1\master.xml

19:55:22.973 [TestNG-tests-1] INFO  testCases.TC001_AccountRegistrationTest - ***** Starting  TC001_AccountRegistrationTest 
19:55:23.462 [TestNG-tests-2] INFO  testCases.TC001_AccountRegistrationTest - ***** Starting  TC001_AccountRegistrationTest 
19:55:23.633 [TestNG-tests-2] INFO  testCases.TC001_AccountRegistrationTest - Clicked on MyAccount Link 
19:55:24.414 [TestNG-tests-1] INFO  testCases.TC001_AccountRegistrationTest - Clicked on MyAccount Link 
19:55:24.443 [TestNG-tests-2] INFO  testCases.TC001_AccountRegistrationTest - Clicked on Register Link 
19:55:24.450 [TestNG-tests-2] INFO  testCases.TC001_AccountRegistrationTest - Providing customer details..... 
19:55:25.497 [TestNG-tests-1] INFO  testCases.TC001_AccountRegistrationTest - Clicked on Register Link 
19:55:25.500 [TestNG-tests-1] INFO  testCases.TC001_AccountRegistrationTest - Providing customer details..... 
19:55:27.329 [TestNG-tests-2] INFO  testCases.TC001_AccountRegistrationTest - Vaidating expectd message.. 
19:55:27.358 [TestNG-tests-1] INFO  testCases.TC001_AccountRegistrationTest - Vaidating expectd message.. 
19:55:27.407 [TestNG-tests-2] INFO  testCases.TC001_AccountRegistrationTest - ***** Finished TC001_AccountRegistrationTest *****
19:55:27.454 [TestNG-tests-1] INFO  testCases.TC001_AccountRegistrationTest - ***** Finished TC001_AccountRegistrationTest *****
20:24:04.768 [main] DEBUG org.testng.TestNG - suiteXmlPath: "C:\Users\welcome\Desktop\Salenium\myWorkspace\Opencart_Project_version1\master.xml"
20:24:05.204 [main] INFO  org.testng.internal.Utils - [TestNG] Running:
  C:\Users\welcome\Desktop\Salenium\myWorkspace\Opencart_Project_version1\master.xml

20:24:15.206 [TestNG-tests-1] INFO  testCases.TC001_AccountRegistrationTest - ***** Starting  TC001_AccountRegistrationTest 
20:24:15.937 [TestNG-tests-1] INFO  testCases.TC001_AccountRegistrationTest - Clicked on MyAccount Link 
20:24:17.698 [TestNG-tests-1] INFO  testCases.TC001_AccountRegistrationTest - Clicked on Register Link 
20:24:17.703 [TestNG-tests-1] INFO  testCases.TC001_AccountRegistrationTest - Providing customer details..... 
20:24:19.511 [TestNG-tests-1] INFO  testCases.TC001_AccountRegistrationTest - Vaidating expectd message.. 
20:24:19.572 [TestNG-tests-1] INFO  testCases.TC001_AccountRegistrationTest - ***** Finished TC001_AccountRegistrationTest *****
17:15:11.671 [main] DEBUG org.testng.TestNG - suiteXmlPath: "C:\Users\welcome\Desktop\Salenium\myWorkspace\Opencart_Project_version1\master.xml"
17:15:12.184 [main] INFO  org.testng.internal.Utils - [TestNG] Running:
  C:\Users\welcome\Desktop\Salenium\myWorkspace\Opencart_Project_version1\master.xml

17:15:18.156 [main] INFO  testCases.TC001_AccountRegistrationTest - ***** Starting  TC001_AccountRegistrationTest 
17:15:19.234 [main] INFO  testCases.TC001_AccountRegistrationTest - Clicked on MyAccount Link 
17:15:20.056 [main] INFO  testCases.TC001_AccountRegistrationTest - Clicked on Register Link 
17:15:20.060 [main] INFO  testCases.TC001_AccountRegistrationTest - Providing customer details..... 
17:15:21.815 [main] INFO  testCases.TC001_AccountRegistrationTest - Vaidating expectd message.. 
17:15:21.861 [main] INFO  testCases.TC001_AccountRegistrationTest - ***** Finished TC001_AccountRegistrationTest *****
17:15:55.007 [main] DEBUG org.testng.TestNG - suiteXmlPath: "C:\Users\welcome\Desktop\Salenium\myWorkspace\Opencart_Project_version1\master.xml"
17:15:55.445 [main] INFO  org.testng.internal.Utils - [TestNG] Running:
  C:\Users\welcome\Desktop\Salenium\myWorkspace\Opencart_Project_version1\master.xml

17:17:58.868 [main] DEBUG org.testng.TestNG - suiteXmlPath: "C:\Users\welcome\Desktop\Salenium\myWorkspace\Opencart_Project_version1\master.xml"
17:17:59.295 [main] INFO  org.testng.internal.Utils - [TestNG] Running:
  C:\Users\welcome\Desktop\Salenium\myWorkspace\Opencart_Project_version1\master.xml

17:38:35.682 [main] DEBUG org.testng.TestNG - suiteXmlPath: "C:\Users\welcome\Desktop\Salenium\myWorkspace\Opencart_Project_version1\master.xml"
17:38:36.157 [main] INFO  org.testng.internal.Utils - [TestNG] Running:
  C:\Users\welcome\Desktop\Salenium\myWorkspace\Opencart_Project_version1\master.xml

19:02:18.509 [main] DEBUG org.testng.TestNG - suiteXmlPath: "C:\Users\welcome\Desktop\Salenium\myWorkspace\Opencart_Project_version1\master.xml"
19:02:19.104 [main] INFO  org.testng.internal.Utils - [TestNG] Running:
  C:\Users\welcome\Desktop\Salenium\myWorkspace\Opencart_Project_version1\master.xml

19:02:26.129 [main] INFO  testCases.TC001_AccountRegistrationTest - ***** Starting  TC001_AccountRegistrationTest 
19:02:27.144 [main] INFO  testCases.TC001_AccountRegistrationTest - Clicked on MyAccount Link 
19:02:28.133 [main] INFO  testCases.TC001_AccountRegistrationTest - Clicked on Register Link 
19:02:28.136 [main] INFO  testCases.TC001_AccountRegistrationTest - Providing customer details..... 
19:02:29.729 [main] INFO  testCases.TC001_AccountRegistrationTest - Vaidating expectd message.. 
19:02:29.800 [main] INFO  testCases.TC001_AccountRegistrationTest - ***** Finished TC001_AccountRegistrationTest *****
19:03:42.934 [main] DEBUG org.testng.TestNG - suiteXmlPath: "C:\Users\welcome\Desktop\Salenium\myWorkspace\Opencart_Project_version1\master.xml"
19:03:43.368 [main] INFO  org.testng.internal.Utils - [TestNG] Running:
  C:\Users\welcome\Desktop\Salenium\myWorkspace\Opencart_Project_version1\master.xml

19:08:53.794 [main] DEBUG org.testng.TestNG - suiteXmlPath: "C:\Users\welcome\Desktop\Salenium\myWorkspace\Opencart_Project_version1\master.xml"
19:08:54.222 [main] INFO  org.testng.internal.Utils - [TestNG] Running:
  C:\Users\welcome\Desktop\Salenium\myWorkspace\Opencart_Project_version1\master.xml

12:31:47.427 [main] DEBUG org.testng.TestNG - suiteXmlPath: "C:\Users\welcome\Desktop\Salenium\myWorkspace\Opencart_Project_version1\master.xml"
12:31:47.939 [main] INFO  org.testng.internal.Utils - [TestNG] Running:
  C:\Users\welcome\Desktop\Salenium\myWorkspace\Opencart_Project_version1\master.xml

12:31:57.158 [main] INFO  testCases.TC002_LoginTest - ****Starting TC002_LoginTest*****
12:32:00.514 [main] INFO  testCases.TC002_LoginTest - ****Finished TC002_LoginTest*****
22:04:42.472 [main] DEBUG org.testng.TestNG - suiteXmlPath: "C:\Users\welcome\Desktop\Salenium\myWorkspace\Opencart_Project_version1\master.xml"
22:04:43.088 [main] INFO  org.testng.internal.Utils - [TestNG] Running:
  C:\Users\welcome\Desktop\Salenium\myWorkspace\Opencart_Project_version1\master.xml

22:07:01.932 [main] DEBUG org.testng.TestNG - suiteXmlPath: "C:\Users\welcome\Desktop\Salenium\myWorkspace\Opencart_Project_version1\master.xml"
22:07:02.388 [main] INFO  org.testng.internal.Utils - [TestNG] Running:
  C:\Users\welcome\Desktop\Salenium\myWorkspace\Opencart_Project_version1\master.xml

22:17:05.133 [main] DEBUG org.testng.TestNG - suiteXmlPath: "C:\Users\welcome\Desktop\Salenium\myWorkspace\Opencart_Project_version1\master.xml"
22:17:05.580 [main] INFO  org.testng.internal.Utils - [TestNG] Running:
  C:\Users\welcome\Desktop\Salenium\myWorkspace\Opencart_Project_version1\master.xml

22:26:36.780 [main] DEBUG org.testng.TestNG - suiteXmlPath: "C:\Users\welcome\Desktop\Salenium\myWorkspace\Opencart_Project_version1\master.xml"
22:26:37.232 [main] INFO  org.testng.internal.Utils - [TestNG] Running:
  C:\Users\welcome\Desktop\Salenium\myWorkspace\Opencart_Project_version1\master.xml

22:26:43.293 [main] DEBUG org.apache.poi.openxml4j.opc.PackageRelationshipCollection - Parsing relationship: /xl/_rels/workbook.xml.rels
22:26:43.300 [main] DEBUG org.apache.poi.openxml4j.opc.PackageRelationshipCollection - Parsing relationship: /xl/worksheets/_rels/sheet1.xml.rels
22:26:43.304 [main] DEBUG org.apache.poi.openxml4j.opc.PackageRelationshipCollection - Parsing relationship: /_rels/.rels
22:26:44.165 [main] DEBUG org.apache.poi.ooxml.POIXMLFactory - using default POIXMLDocumentPart for http://schemas.openxmlformats.org/officeDocument/2006/relationships/printerSettings
22:26:44.327 [main] DEBUG org.apache.poi.openxml4j.opc.PackageRelationshipCollection - Parsing relationship: /xl/_rels/workbook.xml.rels
22:26:44.329 [main] DEBUG org.apache.poi.openxml4j.opc.PackageRelationshipCollection - Parsing relationship: /xl/worksheets/_rels/sheet1.xml.rels
22:26:44.332 [main] DEBUG org.apache.poi.openxml4j.opc.PackageRelationshipCollection - Parsing relationship: /_rels/.rels
22:26:44.359 [main] DEBUG org.apache.poi.ooxml.POIXMLFactory - using default POIXMLDocumentPart for http://schemas.openxmlformats.org/officeDocument/2006/relationships/printerSettings
22:26:44.462 [main] DEBUG org.apache.poi.openxml4j.opc.PackageRelationshipCollection - Parsing relationship: /xl/_rels/workbook.xml.rels
22:26:44.466 [main] DEBUG org.apache.poi.openxml4j.opc.PackageRelationshipCollection - Parsing relationship: /xl/worksheets/_rels/sheet1.xml.rels
22:26:44.475 [main] DEBUG org.apache.poi.openxml4j.opc.PackageRelationshipCollection - Parsing relationship: /_rels/.rels
22:26:44.596 [main] DEBUG org.apache.poi.ooxml.POIXMLFactory - using default POIXMLDocumentPart for http://schemas.openxmlformats.org/officeDocument/2006/relationships/printerSettings
22:26:44.695 [main] DEBUG org.apache.poi.openxml4j.opc.PackageRelationshipCollection - Parsing relationship: /xl/_rels/workbook.xml.rels
22:26:44.697 [main] DEBUG org.apache.poi.openxml4j.opc.PackageRelationshipCollection - Parsing relationship: /xl/worksheets/_rels/sheet1.xml.rels
22:26:44.699 [main] DEBUG org.apache.poi.openxml4j.opc.PackageRelationshipCollection - Parsing relationship: /_rels/.rels
22:26:44.719 [main] DEBUG org.apache.poi.ooxml.POIXMLFactory - using default POIXMLDocumentPart for http://schemas.openxmlformats.org/officeDocument/2006/relationships/printerSettings
22:26:44.749 [main] DEBUG org.apache.poi.openxml4j.opc.PackageRelationshipCollection - Parsing relationship: /xl/_rels/workbook.xml.rels
22:26:44.751 [main] DEBUG org.apache.poi.openxml4j.opc.PackageRelationshipCollection - Parsing relationship: /xl/worksheets/_rels/sheet1.xml.rels
22:26:44.754 [main] DEBUG org.apache.poi.openxml4j.opc.PackageRelationshipCollection - Parsing relationship: /_rels/.rels
22:26:44.771 [main] DEBUG org.apache.poi.ooxml.POIXMLFactory - using default POIXMLDocumentPart for http://schemas.openxmlformats.org/officeDocument/2006/relationships/printerSettings
22:26:44.799 [main] DEBUG org.apache.poi.openxml4j.opc.PackageRelationshipCollection - Parsing relationship: /xl/_rels/workbook.xml.rels
22:26:44.801 [main] DEBUG org.apache.poi.openxml4j.opc.PackageRelationshipCollection - Parsing relationship: /xl/worksheets/_rels/sheet1.xml.rels
22:26:44.803 [main] DEBUG org.apache.poi.openxml4j.opc.PackageRelationshipCollection - Parsing relationship: /_rels/.rels
22:26:44.821 [main] DEBUG org.apache.poi.ooxml.POIXMLFactory - using default POIXMLDocumentPart for http://schemas.openxmlformats.org/officeDocument/2006/relationships/printerSettings
22:36:34.387 [main] DEBUG org.testng.TestNG - suiteXmlPath: "C:\Users\welcome\Desktop\Salenium\myWorkspace\Opencart_Project_version1\master.xml"
22:36:34.834 [main] INFO  org.testng.internal.Utils - [TestNG] Running:
  C:\Users\welcome\Desktop\Salenium\myWorkspace\Opencart_Project_version1\master.xml

22:36:43.957 [main] DEBUG org.apache.poi.openxml4j.opc.PackageRelationshipCollection - Parsing relationship: /xl/_rels/workbook.xml.rels
22:36:43.960 [main] DEBUG org.apache.poi.openxml4j.opc.PackageRelationshipCollection - Parsing relationship: /xl/worksheets/_rels/sheet1.xml.rels
22:36:43.963 [main] DEBUG org.apache.poi.openxml4j.opc.PackageRelationshipCollection - Parsing relationship: /_rels/.rels
22:36:44.505 [main] DEBUG org.apache.poi.ooxml.POIXMLFactory - using default POIXMLDocumentPart for http://schemas.openxmlformats.org/officeDocument/2006/relationships/printerSettings
22:36:44.675 [main] DEBUG org.apache.poi.openxml4j.opc.PackageRelationshipCollection - Parsing relationship: /xl/_rels/workbook.xml.rels
22:36:44.678 [main] DEBUG org.apache.poi.openxml4j.opc.PackageRelationshipCollection - Parsing relationship: /xl/worksheets/_rels/sheet1.xml.rels
22:36:44.681 [main] DEBUG org.apache.poi.openxml4j.opc.PackageRelationshipCollection - Parsing relationship: /_rels/.rels
22:36:44.709 [main] DEBUG org.apache.poi.ooxml.POIXMLFactory - using default POIXMLDocumentPart for http://schemas.openxmlformats.org/officeDocument/2006/relationships/printerSettings
22:36:44.744 [main] DEBUG org.apache.poi.openxml4j.opc.PackageRelationshipCollection - Parsing relationship: /xl/_rels/workbook.xml.rels
22:36:44.746 [main] DEBUG org.apache.poi.openxml4j.opc.PackageRelationshipCollection - Parsing relationship: /xl/worksheets/_rels/sheet1.xml.rels
22:36:44.749 [main] DEBUG org.apache.poi.openxml4j.opc.PackageRelationshipCollection - Parsing relationship: /_rels/.rels
22:36:44.769 [main] DEBUG org.apache.poi.ooxml.POIXMLFactory - using default POIXMLDocumentPart for http://schemas.openxmlformats.org/officeDocument/2006/relationships/printerSettings
22:36:44.844 [main] DEBUG org.apache.poi.openxml4j.opc.PackageRelationshipCollection - Parsing relationship: /xl/_rels/workbook.xml.rels
22:36:44.847 [main] DEBUG org.apache.poi.openxml4j.opc.PackageRelationshipCollection - Parsing relationship: /xl/worksheets/_rels/sheet1.xml.rels
22:36:44.851 [main] DEBUG org.apache.poi.openxml4j.opc.PackageRelationshipCollection - Parsing relationship: /_rels/.rels
22:36:44.930 [main] DEBUG org.apache.poi.ooxml.POIXMLFactory - using default POIXMLDocumentPart for http://schemas.openxmlformats.org/officeDocument/2006/relationships/printerSettings
22:36:44.984 [main] DEBUG org.apache.poi.openxml4j.opc.PackageRelationshipCollection - Parsing relationship: /xl/_rels/workbook.xml.rels
22:36:44.986 [main] DEBUG org.apache.poi.openxml4j.opc.PackageRelationshipCollection - Parsing relationship: /xl/worksheets/_rels/sheet1.xml.rels
22:36:44.999 [main] DEBUG org.apache.poi.openxml4j.opc.PackageRelationshipCollection - Parsing relationship: /_rels/.rels
22:36:45.045 [main] DEBUG org.apache.poi.ooxml.POIXMLFactory - using default POIXMLDocumentPart for http://schemas.openxmlformats.org/officeDocument/2006/relationships/printerSettings
22:36:45.108 [main] DEBUG org.apache.poi.openxml4j.opc.PackageRelationshipCollection - Parsing relationship: /xl/_rels/workbook.xml.rels
22:36:45.110 [main] DEBUG org.apache.poi.openxml4j.opc.PackageRelationshipCollection - Parsing relationship: /xl/worksheets/_rels/sheet1.xml.rels
22:36:45.113 [main] DEBUG org.apache.poi.openxml4j.opc.PackageRelationshipCollection - Parsing relationship: /_rels/.rels
22:36:45.128 [main] DEBUG org.apache.poi.ooxml.POIXMLFactory - using default POIXMLDocumentPart for http://schemas.openxmlformats.org/officeDocument/2006/relationships/printerSettings
22:45:06.142 [main] DEBUG org.testng.TestNG - suiteXmlPath: "C:\Users\welcome\Desktop\Salenium\myWorkspace\Opencart_Project_version1\master.xml"
22:45:06.742 [main] INFO  org.testng.internal.Utils - [TestNG] Running:
  C:\Users\welcome\Desktop\Salenium\myWorkspace\Opencart_Project_version1\master.xml

22:45:17.974 [main] INFO  testCases.TC002_LoginTest - ****Starting TC002_LoginTest*****
22:45:20.549 [main] INFO  testCases.TC002_LoginTest - ****Finished TC002_LoginTest*****
14:49:31.015 [main] DEBUG org.testng.TestNG - suiteXmlPath: "C:\Users\welcome\AppData\Local\Temp\testng-eclipse--1002436694\testng-customsuite.xml"
14:49:31.423 [main] INFO  org.testng.internal.Utils - [Utils] MethodGroupsHelper.collectMethodsByGroup() took 1 ms.
14:49:31.428 [main] INFO  org.testng.internal.Utils - [Utils] MethodGroupsHelper.sortMethods() took 2 ms.
14:49:31.431 [main] INFO  org.testng.internal.Utils - [Utils] MethodGroupsHelper.collectMethodsByGroup() took 0 ms.
14:49:31.431 [main] INFO  org.testng.internal.Utils - [Utils] MethodGroupsHelper.sortMethods() took 0 ms.
14:49:31.432 [main] INFO  org.testng.internal.Utils - [Utils] MethodGroupsHelper.collectMethodsByGroup() took 0 ms.
14:49:31.432 [main] INFO  org.testng.internal.Utils - [Utils] MethodGroupsHelper.sortMethods() took 0 ms.
14:49:31.433 [main] INFO  org.testng.internal.Utils - [Utils] MethodGroupsHelper.collectMethodsByGroup() took 0 ms.
14:49:31.434 [main] INFO  org.testng.internal.Utils - [Utils] MethodGroupsHelper.sortMethods() took 0 ms.
14:49:31.452 [main] INFO  org.testng.internal.Utils - [Utils] MethodGroupsHelper.collectMethodsByGroup() took 15 ms.
14:49:31.474 [main] INFO  org.testng.internal.Utils - [Utils] MethodGroupsHelper.sortMethods() took 21 ms.
14:49:31.477 [main] INFO  org.testng.internal.Utils - [Utils] MethodGroupsHelper.collectMethodsByGroup() took 0 ms.
14:49:31.478 [main] INFO  org.testng.internal.Utils - [Utils] MethodGroupsHelper.sortMethods() took 0 ms.
14:49:31.479 [main] INFO  org.testng.internal.Utils - [Utils] MethodGroupsHelper.collectMethodsByGroup() took 0 ms.
14:49:31.480 [main] INFO  org.testng.internal.Utils - [Utils] MethodGroupsHelper.sortMethods() took 0 ms.
14:49:31.481 [main] INFO  org.testng.internal.Utils - [Utils] MethodGroupsHelper.collectMethodsByGroup() took 0 ms.
14:49:31.481 [main] INFO  org.testng.internal.Utils - [Utils] MethodGroupsHelper.sortMethods() took 0 ms.
14:49:31.483 [main] INFO  org.testng.internal.Utils - [Utils] MethodGroupsHelper.collectMethodsByGroup() took 0 ms.
14:49:31.484 [main] INFO  org.testng.internal.Utils - [Utils] MethodGroupsHelper.sortMethods() took 0 ms.
14:49:31.485 [main] INFO  org.testng.internal.Utils - [Utils] MethodGroupsHelper.collectMethodsByGroup() took 0 ms.
14:49:31.485 [main] INFO  org.testng.internal.Utils - [Utils] MethodGroupsHelper.sortMethods() took 0 ms.
14:49:31.489 [main] INFO  org.testng.internal.Utils - [Utils] MethodGroupsHelper.collectMethodsByGroup() took 0 ms.
14:49:31.489 [main] INFO  org.testng.internal.Utils - [Utils] MethodGroupsHelper.sortMethods() took 0 ms.
14:49:31.490 [main] INFO  org.testng.internal.Utils - [Utils] MethodGroupsHelper.collectMethodsByGroup() took 0 ms.
14:49:31.490 [main] INFO  org.testng.internal.Utils - [Utils] MethodGroupsHelper.sortMethods() took 0 ms.
14:49:31.492 [main] INFO  org.testng.internal.Utils - [Utils] MethodGroupsHelper.collectMethodsByGroup() took 0 ms.
14:49:31.492 [main] INFO  org.testng.internal.Utils - [Utils] MethodGroupsHelper.sortMethods() took 0 ms.
14:49:31.495 [main] INFO  org.testng.internal.Utils - [Utils] MethodGroupsHelper.collectMethodsByGroup() took 0 ms.
14:49:31.495 [main] INFO  org.testng.internal.Utils - [Utils] MethodGroupsHelper.sortMethods() took 0 ms.
14:49:31.495 [main] INFO  org.testng.internal.Utils - [Utils] MethodGroupsHelper.collectMethodsByGroup() took 0 ms.
14:49:31.496 [main] INFO  org.testng.internal.Utils - [Utils] MethodGroupsHelper.sortMethods() took 0 ms.
14:49:31.507 [main] INFO  org.testng.internal.Utils - [TestNG] Running:
  C:\Users\welcome\AppData\Local\Temp\testng-eclipse--1002436694\testng-customsuite.xml

14:49:31.539 [main] INFO  org.testng.internal.Utils - [Utils] DynamicGraphHelper.createDynamicGraph() took 7 ms.
14:49:32.155 [main] INFO  org.testng.internal.Utils - [TestNG] Time taken by org.testng.reporters.jq.Main@759fad4: 210 ms
14:49:32.182 [main] INFO  org.testng.internal.Utils - [TestNG] Time taken by org.testng.reporters.FailedReporter@21ec5d87: 27 ms
14:49:32.207 [main] INFO  org.testng.internal.Utils - [TestNG] Time taken by org.testng.reporters.XMLReporter@7db534f2: 25 ms
14:49:32.231 [main] INFO  org.testng.internal.Utils - [TestNG] Time taken by org.testng.reporters.EmailableReporter2@5db99216: 24 ms
14:49:32.252 [main] INFO  org.testng.internal.Utils - [TestNG] Time taken by org.testng.reporters.JUnitReportReporter@7df587ef: 21 ms
14:49:32.253 [main] INFO  org.testng.internal.Utils - [TestNG] Time taken by org.testng.internal.ExitCodeListener@6e57e95e: 0 ms
14:50:08.617 [main] DEBUG org.testng.TestNG - suiteXmlPath: "C:\Users\welcome\Desktop\Salenium\myWorkspace\Opencart_Project_version1\grouping.xml"
14:50:09.212 [main] INFO  org.testng.internal.Utils - [TestNG] Running:
  C:\Users\welcome\Desktop\Salenium\myWorkspace\Opencart_Project_version1\grouping.xml

14:50:15.972 [main] INFO  testCases.TC001_AccountRegistrationTest - ***** Starting  TC001_AccountRegistrationTest 
14:50:16.728 [main] INFO  testCases.TC001_AccountRegistrationTest - Clicked on MyAccount Link 
14:50:17.368 [main] INFO  testCases.TC001_AccountRegistrationTest - Clicked on Register Link 
14:50:17.382 [main] INFO  testCases.TC001_AccountRegistrationTest - Providing customer details..... 
14:50:18.967 [main] INFO  testCases.TC001_AccountRegistrationTest - Vaidating expectd message.. 
14:50:19.026 [main] INFO  testCases.TC001_AccountRegistrationTest - ***** Finished TC001_AccountRegistrationTest *****
14:50:23.191 [main] INFO  testCases.TC002_LoginTest - ****Starting TC002_LoginTest*****
14:50:25.518 [main] INFO  testCases.TC002_LoginTest - ****Finished TC002_LoginTest*****
14:53:32.603 [main] DEBUG org.testng.TestNG - suiteXmlPath: "C:\Users\welcome\Desktop\Salenium\myWorkspace\Opencart_Project_version1\grouping.xml"
14:53:33.185 [main] INFO  org.testng.internal.Utils - [TestNG] Running:
  C:\Users\welcome\Desktop\Salenium\myWorkspace\Opencart_Project_version1\grouping.xml

14:53:38.743 [main] INFO  testCases.TC002_LoginTest - ****Starting TC002_LoginTest*****
14:53:41.291 [main] INFO  testCases.TC002_LoginTest - ****Finished TC002_LoginTest*****
20:26:31.781 [main] DEBUG org.testng.TestNG - suiteXmlPath: "C:\Users\welcome\Desktop\Salenium\myWorkspace\Opencart_Project_version1\grouping.xml"
20:26:32.375 [main] INFO  org.testng.internal.Utils - [TestNG] Running:
  C:\Users\welcome\Desktop\Salenium\myWorkspace\Opencart_Project_version1\grouping.xml

20:26:43.722 [main] INFO  testCases.TC001_AccountRegistrationTest - ***** Starting  TC001_AccountRegistrationTest 
20:26:43.893 [main] INFO  testCases.TC001_AccountRegistrationTest - Clicked on MyAccount Link 
20:26:46.156 [main] INFO  testCases.TC001_AccountRegistrationTest - Clicked on Register Link 
20:26:46.167 [main] INFO  testCases.TC001_AccountRegistrationTest - Providing customer details..... 
20:26:48.129 [main] INFO  testCases.TC001_AccountRegistrationTest - Vaidating expectd message.. 
20:26:48.204 [main] INFO  testCases.TC001_AccountRegistrationTest - ***** Finished TC001_AccountRegistrationTest *****
20:26:55.032 [main] INFO  testCases.TC002_LoginTest - ****Starting TC002_LoginTest*****
20:26:57.195 [main] INFO  testCases.TC002_LoginTest - ****Finished TC002_LoginTest*****
20:38:12.840 [main] DEBUG org.testng.TestNG - suiteXmlPath: "C:\Users\welcome\Desktop\Salenium\myWorkspace\Opencart_Project_version1\grouping.xml"
20:38:13.345 [main] INFO  org.testng.internal.Utils - [TestNG] Running:
  C:\Users\welcome\Desktop\Salenium\myWorkspace\Opencart_Project_version1\grouping.xml

20:38:18.338 [main] INFO  testCases.TC001_AccountRegistrationTest - ***** Starting  TC001_AccountRegistrationTest 
20:38:19.122 [main] INFO  testCases.TC001_AccountRegistrationTest - Clicked on MyAccount Link 
20:38:19.988 [main] INFO  testCases.TC001_AccountRegistrationTest - Clicked on Register Link 
20:38:19.994 [main] INFO  testCases.TC001_AccountRegistrationTest - Providing customer details..... 
20:38:22.404 [main] INFO  testCases.TC001_AccountRegistrationTest - Vaidating expectd message.. 
20:38:22.457 [main] INFO  testCases.TC001_AccountRegistrationTest - ***** Finished TC001_AccountRegistrationTest *****
20:38:29.715 [main] INFO  testCases.TC002_LoginTest - ****Starting TC002_LoginTest*****
20:38:31.973 [main] INFO  testCases.TC002_LoginTest - ****Finished TC002_LoginTest*****
20:45:22.351 [main] DEBUG org.testng.TestNG - suiteXmlPath: "C:\Users\welcome\Desktop\Salenium\myWorkspace\Opencart_Project_version1\grouping.xml"
20:45:22.983 [main] INFO  org.testng.internal.Utils - [TestNG] Running:
  C:\Users\welcome\Desktop\Salenium\myWorkspace\Opencart_Project_version1\grouping.xml

20:45:28.496 [main] INFO  testCases.TC001_AccountRegistrationTest - ***** Starting  TC001_AccountRegistrationTest 
20:45:29.577 [main] INFO  testCases.TC001_AccountRegistrationTest - Clicked on MyAccount Link 
20:45:30.549 [main] INFO  testCases.TC001_AccountRegistrationTest - Clicked on Register Link 
20:45:30.596 [main] INFO  testCases.TC001_AccountRegistrationTest - Providing customer details..... 
20:45:32.641 [main] INFO  testCases.TC001_AccountRegistrationTest - Vaidating expectd message.. 
20:45:32.710 [main] INFO  testCases.TC001_AccountRegistrationTest - ***** Finished TC001_AccountRegistrationTest *****
20:45:36.097 [main] INFO  testCases.TC002_LoginTest - ****Starting TC002_LoginTest*****
20:59:33.005 [main] DEBUG org.testng.TestNG - suiteXmlPath: "C:\Users\welcome\Desktop\Salenium\myWorkspace\Opencart_Project_version1\test-output\testng-failed.xml"
20:59:33.456 [main] INFO  org.testng.internal.Utils - [TestNG] Running:
  C:\Users\welcome\Desktop\Salenium\myWorkspace\Opencart_Project_version1\test-output\testng-failed.xml

20:59:38.552 [main] INFO  testCases.TC002_LoginTest - ****Starting TC002_LoginTest*****
20:59:41.168 [main] INFO  testCases.TC002_LoginTest - ****Finished TC002_LoginTest*****
21:01:55.287 [main] DEBUG org.testng.TestNG - suiteXmlPath: "C:\Users\welcome\Desktop\Salenium\myWorkspace\Opencart_Project_version1\grouping.xml"
21:01:55.761 [main] INFO  org.testng.internal.Utils - [TestNG] Running:
  C:\Users\welcome\Desktop\Salenium\myWorkspace\Opencart_Project_version1\grouping.xml

21:03:11.379 [main] INFO  testCases.TC001_AccountRegistrationTest - ***** Starting  TC001_AccountRegistrationTest 
21:03:11.522 [main] INFO  testCases.TC001_AccountRegistrationTest - Clicked on MyAccount Link 
21:03:12.327 [main] INFO  testCases.TC001_AccountRegistrationTest - Clicked on Register Link 
21:03:12.333 [main] INFO  testCases.TC001_AccountRegistrationTest - Providing customer details..... 
21:03:14.259 [main] INFO  testCases.TC001_AccountRegistrationTest - Vaidating expectd message.. 
21:03:14.331 [main] ERROR testCases.TC001_AccountRegistrationTest - Test failed..
21:03:14.332 [main] DEBUG testCases.TC001_AccountRegistrationTest - Debug logs...
21:03:18.800 [main] INFO  testCases.TC002_LoginTest - ****Starting TC002_LoginTest*****
21:03:20.676 [main] INFO  testCases.TC002_LoginTest - ****Finished TC002_LoginTest*****
16:21:57.151 [main] DEBUG org.testng.TestNG - suiteXmlPath: "C:\Users\welcome\Desktop\Salenium\myWorkspace\Opencart_Project_version1\master.xml"
16:21:57.827 [main] INFO  org.testng.internal.Utils - [TestNG] Running:
  C:\Users\welcome\Desktop\Salenium\myWorkspace\Opencart_Project_version1\master.xml

16:22:16.439 [main] INFO  testCases.TC001_AccountRegistrationTest - ***** Starting  TC001_AccountRegistrationTest 
16:22:17.587 [main] INFO  testCases.TC001_AccountRegistrationTest - Clicked on MyAccount Link 
16:22:18.426 [main] INFO  testCases.TC001_AccountRegistrationTest - Clicked on Register Link 
16:22:18.463 [main] INFO  testCases.TC001_AccountRegistrationTest - Providing customer details..... 
16:22:20.170 [main] INFO  testCases.TC001_AccountRegistrationTest - Vaidating expectd message.. 
16:22:20.413 [main] INFO  testCases.TC001_AccountRegistrationTest - ***** Finished TC001_AccountRegistrationTest *****
16:23:49.066 [main] DEBUG org.testng.TestNG - suiteXmlPath: "C:\Users\welcome\Desktop\Salenium\myWorkspace\Opencart_Project_version1\master.xml"
16:23:49.629 [main] INFO  org.testng.internal.Utils - [TestNG] Running:
  C:\Users\welcome\Desktop\Salenium\myWorkspace\Opencart_Project_version1\master.xml

16:23:55.913 [main] INFO  testCases.TC001_AccountRegistrationTest - ***** Starting  TC001_AccountRegistrationTest 
16:23:56.887 [main] INFO  testCases.TC001_AccountRegistrationTest - Clicked on MyAccount Link 
16:23:58.555 [main] INFO  testCases.TC001_AccountRegistrationTest - Clicked on Register Link 
16:23:58.563 [main] INFO  testCases.TC001_AccountRegistrationTest - Providing customer details..... 
16:24:00.184 [main] INFO  testCases.TC001_AccountRegistrationTest - Vaidating expectd message.. 
16:24:00.248 [main] INFO  testCases.TC001_AccountRegistrationTest - ***** Finished TC001_AccountRegistrationTest *****
16:24:04.021 [main] INFO  testCases.TC002_LoginTest - ****Starting TC002_LoginTest*****
16:24:06.517 [main] INFO  testCases.TC002_LoginTest - ****Finished TC002_LoginTest*****
16:25:00.521 [main] DEBUG org.testng.TestNG - suiteXmlPath: "C:\Users\welcome\Desktop\Salenium\myWorkspace\Opencart_Project_version1\master.xml"
16:25:01.050 [main] INFO  org.testng.internal.Utils - [TestNG] Running:
  C:\Users\welcome\Desktop\Salenium\myWorkspace\Opencart_Project_version1\master.xml

16:25:09.236 [main] INFO  testCases.TC001_AccountRegistrationTest - ***** Starting  TC001_AccountRegistrationTest 
16:25:10.263 [main] INFO  testCases.TC001_AccountRegistrationTest - Clicked on MyAccount Link 
16:25:11.054 [main] INFO  testCases.TC001_AccountRegistrationTest - Clicked on Register Link 
16:25:11.070 [main] INFO  testCases.TC001_AccountRegistrationTest - Providing customer details..... 
16:25:12.591 [main] INFO  testCases.TC001_AccountRegistrationTest - Vaidating expectd message.. 
16:25:12.654 [main] INFO  testCases.TC001_AccountRegistrationTest - ***** Finished TC001_AccountRegistrationTest *****
16:25:21.144 [main] INFO  testCases.TC002_LoginTest - ****Starting TC002_LoginTest*****
16:25:26.524 [main] INFO  testCases.TC002_LoginTest - ****Finished TC002_LoginTest*****
12:23:26.783 [main] DEBUG org.testng.TestNG - suiteXmlPath: "C:\Users\welcome\Desktop\Salenium\myWorkspace\Opencart_Project_version1\master.xml"
12:25:19.269 [main] DEBUG org.testng.TestNG - suiteXmlPath: "C:\Users\welcome\Desktop\Salenium\myWorkspace\Opencart_Project_version1\master.xml"
12:31:21.672 [main] DEBUG org.testng.TestNG - suiteXmlPath: "C:\Users\welcome\Desktop\Salenium\myWorkspace\Opencart_Project_version1\master.xml"
12:31:22.204 [main] INFO  org.testng.internal.Utils - [TestNG] Running:
  C:\Users\welcome\Desktop\Salenium\myWorkspace\Opencart_Project_version1\master.xml

12:40:46.210 [main] DEBUG org.testng.TestNG - suiteXmlPath: "C:\Users\welcome\Desktop\Salenium\myWorkspace\Opencart_Project_version1\master.xml"
12:40:46.750 [main] INFO  org.testng.internal.Utils - [TestNG] Running:
  C:\Users\welcome\Desktop\Salenium\myWorkspace\Opencart_Project_version1\master.xml

12:40:59.444 [main] INFO  testCases.TC001_AccountRegistrationTest - ***** Starting  TC001_AccountRegistrationTest 
12:41:00.341 [main] INFO  testCases.TC001_AccountRegistrationTest - Clicked on MyAccount Link 
12:41:01.072 [main] INFO  testCases.TC001_AccountRegistrationTest - Clicked on Register Link 
12:41:01.103 [main] INFO  testCases.TC001_AccountRegistrationTest - Providing customer details..... 
12:41:02.680 [main] INFO  testCases.TC001_AccountRegistrationTest - Vaidating expectd message.. 
12:41:02.742 [main] INFO  testCases.TC001_AccountRegistrationTest - ***** Finished TC001_AccountRegistrationTest *****
12:41:08.262 [main] INFO  testCases.TC002_LoginTest - ****Starting TC002_LoginTest*****
12:41:11.538 [main] INFO  testCases.TC002_LoginTest - ****Finished TC002_LoginTest*****
12:42:07.030 [main] DEBUG org.testng.TestNG - suiteXmlPath: "C:\Users\welcome\Desktop\Salenium\myWorkspace\Opencart_Project_version1\master.xml"
12:42:07.579 [main] INFO  org.testng.internal.Utils - [TestNG] Running:
  C:\Users\welcome\Desktop\Salenium\myWorkspace\Opencart_Project_version1\master.xml

12:44:05.681 [main] DEBUG org.testng.TestNG - suiteXmlPath: "C:\Users\welcome\Desktop\Salenium\myWorkspace\Opencart_Project_version1\master.xml"
12:44:06.134 [main] INFO  org.testng.internal.Utils - [TestNG] Running:
  C:\Users\welcome\Desktop\Salenium\myWorkspace\Opencart_Project_version1\master.xml

12:44:43.476 [main] DEBUG org.testng.TestNG - suiteXmlPath: "C:\Users\welcome\Desktop\Salenium\myWorkspace\Opencart_Project_version1\master.xml"
12:44:43.977 [main] INFO  org.testng.internal.Utils - [TestNG] Running:
  C:\Users\welcome\Desktop\Salenium\myWorkspace\Opencart_Project_version1\master.xml

12:44:49.708 [main] INFO  testCases.TC001_AccountRegistrationTest - ***** Starting  TC001_AccountRegistrationTest 
12:44:50.643 [main] INFO  testCases.TC001_AccountRegistrationTest - Clicked on MyAccount Link 
12:44:51.288 [main] INFO  testCases.TC001_AccountRegistrationTest - Clicked on Register Link 
12:44:51.296 [main] INFO  testCases.TC001_AccountRegistrationTest - Providing customer details..... 
12:44:52.825 [main] INFO  testCases.TC001_AccountRegistrationTest - Vaidating expectd message.. 
12:44:52.899 [main] INFO  testCases.TC001_AccountRegistrationTest - ***** Finished TC001_AccountRegistrationTest *****
12:44:57.906 [main] INFO  testCases.TC002_LoginTest - ****Starting TC002_LoginTest*****
12:45:01.005 [main] INFO  testCases.TC002_LoginTest - ****Finished TC002_LoginTest*****
12:48:36.229 [main] DEBUG org.testng.TestNG - suiteXmlPath: "C:\Users\welcome\Desktop\Salenium\myWorkspace\Opencart_Project_version1\master.xml"
12:48:36.697 [main] INFO  org.testng.internal.Utils - [TestNG] Running:
  C:\Users\welcome\Desktop\Salenium\myWorkspace\Opencart_Project_version1\master.xml

12:48:42.121 [main] INFO  testCases.TC001_AccountRegistrationTest - ***** Starting  TC001_AccountRegistrationTest 
12:48:42.988 [main] INFO  testCases.TC001_AccountRegistrationTest - Clicked on MyAccount Link 
